TN:
SF:C:\Users\Hp\Documents\Projects\Mobile_Dictionary\src\js\dictionary.js
FN:1,(anonymous_1)
FN:13,(anonymous_2)
FN:18,createCard
FN:30,updateUI
FN:38,(anonymous_5)
FN:43,(anonymous_6)
FNF:6
FNH:2
FNDA:1,(anonymous_1)
FNDA:1,(anonymous_2)
FNDA:0,createCard
FNDA:0,updateUI
FNDA:0,(anonymous_5)
FNDA:0,(anonymous_6)
DA:1,1
DA:2,1
DA:3,0
DA:4,1
DA:5,0
DA:7,1
DA:10,1
DA:11,1
DA:16,1
DA:18,1
DA:19,0
DA:20,0
DA:21,0
DA:22,0
DA:23,0
DA:24,0
DA:26,0
DA:30,1
DA:31,0
DA:32,0
DA:36,1
DA:38,1
DA:39,0
DA:40,0
DA:41,0
DA:43,0
DA:44,0
DA:46,0
DA:48,0
DA:49,0
DA:52,0
LF:31
LH:11
BRDA:2,1,0,0
BRDA:2,1,1,1
BRDA:2,2,0,1
BRDA:2,2,1,0
BRDA:4,3,0,0
BRDA:4,3,1,1
BRDA:39,4,0,0
BRDA:39,4,1,0
BRF:8
BRH:3
end_of_record
TN:
SF:C:\Users\Hp\Documents\Projects\Mobile_Dictionary\test\unit\specs\example.spec.js
FN:1,(anonymous_1)
FN:4,helloWorld
FNF:2
FNH:2
FNDA:1,(anonymous_1)
FNDA:1,helloWorld
DA:1,1
DA:4,1
DA:5,1
DA:6,1
DA:7,1
DA:8,0
DA:10,0
DA:15,1
DA:17,1
DA:18,1
DA:20,1
DA:23,1
DA:24,1
DA:25,0
DA:29,1
DA:30,1
DA:31,1
DA:34,1
DA:35,2
DA:38,1
DA:39,1
DA:41,0
DA:42,0
DA:45,1
DA:46,1
DA:47,0
DA:48,0
DA:49,0
DA:50,0
LF:29
LH:20
BRF:0
BRH:0
end_of_record
